#
# There is insufficient memory for the Java Runtime Environment to continue.
# Native memory allocation (malloc) failed to allocate 2097152 bytes for AllocateHeap
# Possible reasons:
#   The system is out of physical RAM or swap space
#   The process is running with CompressedOops enabled, and the Java Heap may be blocking the growth of the native heap
# Possible solutions:
#   Reduce memory load on the system
#   Increase physical memory or swap space
#   Check if swap backing store is full
#   Decrease Java heap size (-Xmx/-Xms)
#   Decrease number of Java threads
#   Decrease Java thread stack sizes (-Xss)
#   Set larger code cache with -XX:ReservedCodeCacheSize=
#   JVM is running with Unscaled Compressed Oops mode in which the Java heap is
#     placed in the first 4GB address space. The Java Heap base address is the
#     maximum limit for the native heap growth. Please use -XX:HeapBaseMinAddress
#     to set the Java Heap base and to place the Java Heap above 4GB virtual address.
# This output file may be truncated or incomplete.
#
#  Out of Memory Error (allocation.cpp:44), pid=23460, tid=26108
#
# JRE version: OpenJDK Runtime Environment Temurin-17.0.10+7 (17.0.10+7) (build 17.0.10+7)
# Java VM: OpenJDK 64-Bit Server VM Temurin-17.0.10+7 (17.0.10+7, mixed mode, emulated-client, tiered, compressed oops, compressed class ptrs, g1 gc, windows-amd64)
# No core dump will be written. Minidumps are not enabled by default on client versions of Windows
#

---------------  S U M M A R Y ------------

Command Line: -Xmx1024m -Dsts.lsp.client=vscode -Dsts.log.file=/dev/null -XX:TieredStopAtLevel=1 -Xlog:jni+resolve=off -Dspring.config.location=file:c:\Users\22017107\.vscode\extensions\vmware.vscode-spring-boot-1.54.0\language-server\BOOT-INF\classes\application.properties org.springframework.ide.vscode.boot.app.BootLanguageServerBootApp

Host: AMD Ryzen 7 5800U with Radeon Graphics         , 16 cores, 15G,  Windows 11 , 64 bit Build 22621 (10.0.22621.3527)
Time: Mon May 27 19:30:05 2024 Malay Peninsula Standard Time elapsed time: 21085.839106 seconds (0d 5h 51m 25s)

---------------  T H R E A D  ---------------

Current thread (0x000002d1bf5c42f0):  VMThread "VM Thread" [stack: 0x000000fe07200000,0x000000fe07300000] [id=26108]

Stack: [0x000000fe07200000,0x000000fe07300000]
Native frames: (J=compiled Java code, j=interpreted, Vv=VM code, C=native code)
V  [jvm.dll+0x67d2c9]
V  [jvm.dll+0x834afa]
V  [jvm.dll+0x8365be]
V  [jvm.dll+0x836c23]
V  [jvm.dll+0x2477ff]
V  [jvm.dll+0xa6c93]
V  [jvm.dll+0x2f86f1]
V  [jvm.dll+0x2f42e0]
V  [jvm.dll+0x2dc8c7]
V  [jvm.dll+0x31fb87]
V  [jvm.dll+0x83b11b]
V  [jvm.dll+0x83be61]
V  [jvm.dll+0x83c37d]
V  [jvm.dll+0x83c754]
V  [jvm.dll+0x83c820]
V  [jvm.dll+0x7e3fba]
V  [jvm.dll+0x67c1b5]
C  [ucrtbase.dll+0x29333]
C  [KERNEL32.DLL+0x1257d]
C  [ntdll.dll+0x5aa48]

VM_Operation (0x000000fe091fefb0): G1CollectFull, mode: safepoint, requested by thread 0x000002d1c4666070


---------------  P R O C E S S  ---------------

Threads class SMR info:
_java_thread_list=0x000002d1c5210f10, length=19, elements={
0x000002d1bf5cb330, 0x000002d1bf5cd0d0, 0x000002d1bf5f5a30, 0x000002d1bf5f67c0,
0x000002d1bf5fa0b0, 0x000002d1bf5fa980, 0x000002d1bf627030, 0x000002d1bf62ca60,
0x000002d1bf819030, 0x000002d1bf82d4c0, 0x000002d1c486f9c0, 0x000002d1c4666070,
0x000002d1c47bbc80, 0x000002d1b1c87320, 0x000002d1c47e88f0, 0x000002d1c46b5ca0,
0x000002d1c4868550, 0x000002d1c4868040, 0x000002d1c486a3b0
}

Java Threads: ( => current thread )
  0x000002d1bf5cb330 JavaThread "Reference Handler" daemon [_thread_blocked, id=5488, stack(0x000000fe07300000,0x000000fe07400000)]
  0x000002d1bf5cd0d0 JavaThread "Finalizer" daemon [_thread_blocked, id=24384, stack(0x000000fe07400000,0x000000fe07500000)]
  0x000002d1bf5f5a30 JavaThread "Signal Dispatcher" daemon [_thread_blocked, id=22872, stack(0x000000fe07500000,0x000000fe07600000)]
  0x000002d1bf5f67c0 JavaThread "Attach Listener" daemon [_thread_blocked, id=23940, stack(0x000000fe07600000,0x000000fe07700000)]
  0x000002d1bf5fa0b0 JavaThread "Service Thread" daemon [_thread_blocked, id=9240, stack(0x000000fe07700000,0x000000fe07800000)]
  0x000002d1bf5fa980 JavaThread "Monitor Deflation Thread" daemon [_thread_blocked, id=15584, stack(0x000000fe07800000,0x000000fe07900000)]
  0x000002d1bf627030 JavaThread "C1 CompilerThread0" daemon [_thread_blocked, id=15928, stack(0x000000fe07900000,0x000000fe07a00000)]
  0x000002d1bf62ca60 JavaThread "Sweeper thread" daemon [_thread_blocked, id=26360, stack(0x000000fe07a00000,0x000000fe07b00000)]
  0x000002d1bf819030 JavaThread "Notification Thread" daemon [_thread_blocked, id=9980, stack(0x000000fe07e00000,0x000000fe07f00000)]
  0x000002d1bf82d4c0 JavaThread "Common-Cleaner" daemon [_thread_blocked, id=8904, stack(0x000000fe08000000,0x000000fe08100000)]
  0x000002d1c486f9c0 JavaThread "boundedElastic-evictor-1" daemon [_thread_blocked, id=26024, stack(0x000000fe08800000,0x000000fe08900000)]
  0x000002d1c4666070 JavaThread "pool-13-thread-1" [_thread_blocked, id=26308, stack(0x000000fe09100000,0x000000fe09200000)]
  0x000002d1c47bbc80 JavaThread "LanguageServerApp-lifecycle" [_thread_blocked, id=26188, stack(0x000000fe09200000,0x000000fe09300000)]
  0x000002d1b1c87320 JavaThread "DestroyJavaVM" [_thread_blocked, id=26312, stack(0x000000fe06c00000,0x000000fe06d00000)]
  0x000002d1c47e88f0 JavaThread "pool-14-thread-1" [_thread_in_native, id=23060, stack(0x000000fe09300000,0x000000fe09400000)]
  0x000002d1c46b5ca0 JavaThread "Simple-Language-Server main thread" daemon [_thread_blocked, id=24876, stack(0x000000fe09400000,0x000000fe09500000)]
  0x000002d1c4868550 JavaThread "parallel-1" daemon [_thread_blocked, id=6208, stack(0x000000fe09800000,0x000000fe09900000)]
  0x000002d1c4868040 JavaThread "pool-6-thread-1" [_thread_blocked, id=24264, stack(0x000000fe09900000,0x000000fe09a00000)]
  0x000002d1c486a3b0 JavaThread "parallel-2" daemon [_thread_blocked, id=26436, stack(0x000000fe09a00000,0x000000fe09b00000)]

Other Threads:
=>0x000002d1bf5c42f0 VMThread "VM Thread" [stack: 0x000000fe07200000,0x000000fe07300000] [id=26108]
  0x000002d1bf819510 WatcherThread [stack: 0x000000fe07f00000,0x000000fe08000000] [id=9044]
  0x000002d1b1cc63f0 GCTaskThread "GC Thread#0" [stack: 0x000000fe06d00000,0x000000fe06e00000] [id=26244]
  0x000002d1c4993970 GCTaskThread "GC Thread#1" [stack: 0x000000fe08100000,0x000000fe08200000] [id=14536]
  0x000002d1c4993c30 GCTaskThread "GC Thread#2" [stack: 0x000000fe08200000,0x000000fe08300000] [id=24772]
  0x000002d1c4993ef0 GCTaskThread "GC Thread#3" [stack: 0x000000fe08300000,0x000000fe08400000] [id=16024]
  0x000002d1c49941b0 GCTaskThread "GC Thread#4" [stack: 0x000000fe08400000,0x000000fe08500000] [id=11920]
  0x000002d1c4be04b0 GCTaskThread "GC Thread#5" [stack: 0x000000fe08500000,0x000000fe08600000] [id=924]
  0x000002d1c4eefef0 GCTaskThread "GC Thread#6" [stack: 0x000000fe08900000,0x000000fe08a00000] [id=18296]
  0x000002d1c4ef01b0 GCTaskThread "GC Thread#7" [stack: 0x000000fe08a00000,0x000000fe08b00000] [id=16392]
  0x000002d1c4ef0470 GCTaskThread "GC Thread#8" [stack: 0x000000fe08b00000,0x000000fe08c00000] [id=18856]
  0x000002d1c4ef0940 GCTaskThread "GC Thread#9" [stack: 0x000000fe08c00000,0x000000fe08d00000] [id=13804]
  0x000002d1c4ef1220 GCTaskThread "GC Thread#10" [stack: 0x000000fe08d00000,0x000000fe08e00000] [id=6680]
  0x000002d1c4ef94f0 GCTaskThread "GC Thread#11" [stack: 0x000000fe08e00000,0x000000fe08f00000] [id=13376]
  0x000002d1c5029ca0 GCTaskThread "GC Thread#12" [stack: 0x000000fe08600000,0x000000fe08700000] [id=13480]
  0x000002d1b1ccf250 ConcurrentGCThread "G1 Main Marker" [stack: 0x000000fe06e00000,0x000000fe06f00000] [id=25752]
  0x000002d1b1cd0320 ConcurrentGCThread "G1 Conc#0" [stack: 0x000000fe06f00000,0x000000fe07000000] [id=26316]
  0x000002d1c4e3bba0 ConcurrentGCThread "G1 Conc#1" [stack: 0x000000fe08f00000,0x000000fe09000000] [id=1900]
  0x000002d1c4e38250 ConcurrentGCThread "G1 Conc#2" [stack: 0x000000fe09000000,0x000000fe09100000] [id=3360]
  0x000002d1b1d2ebb0 ConcurrentGCThread "G1 Refine#0" [stack: 0x000000fe07000000,0x000000fe07100000] [id=15608]
  0x000002d1bf4246d0 ConcurrentGCThread "G1 Service" [stack: 0x000000fe07100000,0x000000fe07200000] [id=25904]

Threads with active compile tasks:

VM state: at safepoint (normal execution)

VM Mutex/Monitor currently owned by a thread:  ([mutex/lock_event])
[0x000002d1b1a30390] Threads_lock - owner thread: 0x000002d1bf5c42f0
[0x000002d1b1a2c670] Heap_lock - owner thread: 0x000002d1c4666070

Heap address: 0x00000000c0000000, size: 1024 MB, Compressed Oops mode: 32-bit

CDS archive(s) not mapped
Compressed class space mapped at: 0x0000000100000000-0x0000000140000000, reserved size: 1073741824
Narrow klass base: 0x0000000000000000, Narrow klass shift: 3, Narrow klass range: 0x140000000

GC Precious Log:
 CPUs: 16 total, 16 available
 Memory: 15715M
 Large Page Support: Disabled
 NUMA Support: Disabled
 Compressed Oops: Enabled (32-bit)
 Heap Region Size: 1M
 Heap Min Capacity: 8M
 Heap Initial Capacity: 246M
 Heap Max Capacity: 1G
 Pre-touch: Disabled
 Parallel Workers: 13
 Concurrent Workers: 3
 Concurrent Refinement Workers: 13
 Periodic GC: Disabled

Heap:
 garbage-first heap   total 78848K, used 26254K [0x00000000c0000000, 0x0000000100000000)
  region size 1024K, 1 young (1024K), 0 survivors (0K)
 Metaspace       used 47929K, committed 48640K, reserved 1114112K
  class space    used 6188K, committed 6464K, reserved 1048576K

Heap Regions: E=young(eden), S=young(survivor), O=old, HS=humongous(starts), HC=humongous(continues), CS=collection set, F=free, OA=open archive, CA=closed archive, TAMS=top-at-mark-start (previous, next)
|   0|0x00000000c0000000, 0x00000000c0100000, 0x00000000c0100000|100%|HS|  |TAMS 0x00000000c0100000, 0x00000000c0000000| Untracked 
|   1|0x00000000c0100000, 0x00000000c0200000, 0x00000000c0200000|100%|HC|  |TAMS 0x00000000c0200000, 0x00000000c0100000| Untracked 
|   2|0x00000000c0200000, 0x00000000c0300000, 0x00000000c0300000|100%|HC|  |TAMS 0x00000000c0300000, 0x00000000c0200000| Untracked 
|   3|0x00000000c0300000, 0x00000000c0400000, 0x00000000c0400000|100%|HC|  |TAMS 0x00000000c0400000, 0x00000000c0300000| Untracked 
|   4|0x00000000c0400000, 0x00000000c0500000, 0x00000000c0500000|100%|HS|  |TAMS 0x00000000c0500000, 0x00000000c0400000| Untracked 
|   5|0x00000000c0500000, 0x00000000c0600000, 0x00000000c0600000|100%|HC|  |TAMS 0x00000000c0600000, 0x00000000c0500000| Untracked 
|   6|0x00000000c0600000, 0x00000000c0700000, 0x00000000c0700000|100%| O|  |TAMS 0x00000000c0700000, 0x00000000c0600000| Untracked 
|   7|0x00000000c0700000, 0x00000000c0800000, 0x00000000c0800000|100%| O|  |TAMS 0x00000000c0800000, 0x00000000c0700000| Untracked 
|   8|0x00000000c0800000, 0x00000000c0900000, 0x00000000c0900000|100%| O|  |TAMS 0x00000000c0900000, 0x00000000c0800000| Untracked 
|   9|0x00000000c0900000, 0x00000000c0a00000, 0x00000000c0a00000|100%| O|  |TAMS 0x00000000c0a00000, 0x00000000c0900000| Untracked 
|  10|0x00000000c0a00000, 0x00000000c0afffd0, 0x00000000c0b00000| 99%| O|  |TAMS 0x00000000c0afffd0, 0x00000000c0a00000| Untracked 
|  11|0x00000000c0b00000, 0x00000000c0c00000, 0x00000000c0c00000|100%| O|  |TAMS 0x00000000c0c00000, 0x00000000c0b00000| Untracked 
|  12|0x00000000c0c00000, 0x00000000c0cffff8, 0x00000000c0d00000| 99%| O|  |TAMS 0x00000000c0cffff8, 0x00000000c0c00000| Untracked 
|  13|0x00000000c0d00000, 0x00000000c0e00000, 0x00000000c0e00000|100%| O|  |TAMS 0x00000000c0e00000, 0x00000000c0d00000| Untracked 
|  14|0x00000000c0e00000, 0x00000000c0f00000, 0x00000000c0f00000|100%| O|  |TAMS 0x00000000c0f00000, 0x00000000c0e00000| Untracked 
|  15|0x00000000c0f00000, 0x00000000c0ffffe0, 0x00000000c1000000| 99%| O|  |TAMS 0x00000000c0ffffe0, 0x00000000c0f00000| Untracked 
|  16|0x00000000c1000000, 0x00000000c10ffff8, 0x00000000c1100000| 99%| O|  |TAMS 0x00000000c10ffff8, 0x00000000c1000000| Untracked 
|  17|0x00000000c1100000, 0x00000000c1200000, 0x00000000c1200000|100%| O|  |TAMS 0x00000000c1200000, 0x00000000c1100000| Untracked 
|  18|0x00000000c1200000, 0x00000000c12ffff8, 0x00000000c1300000| 99%| O|  |TAMS 0x00000000c12ffff8, 0x00000000c1200000| Untracked 
|  19|0x00000000c1300000, 0x00000000c13ffcc0, 0x00000000c1400000| 99%| O|  |TAMS 0x00000000c13ffcc0, 0x00000000c1300000| Untracked 
|  20|0x00000000c1400000, 0x00000000c14fffb0, 0x00000000c1500000| 99%| O|  |TAMS 0x00000000c14fffb0, 0x00000000c1400000| Untracked 
|  21|0x00000000c1500000, 0x00000000c15fcca8, 0x00000000c1600000| 98%| O|  |TAMS 0x00000000c15fcca8, 0x00000000c1500000| Untracked 
|  22|0x00000000c1600000, 0x00000000c16ffff0, 0x00000000c1700000| 99%| O|  |TAMS 0x00000000c16ffff0, 0x00000000c1600000| Untracked 
|  23|0x00000000c1700000, 0x00000000c17fffd8, 0x00000000c1800000| 99%| O|  |TAMS 0x00000000c17fffd8, 0x00000000c1700000| Untracked 
|  24|0x00000000c1800000, 0x00000000c18fffd8, 0x00000000c1900000| 99%| O|  |TAMS 0x00000000c18fffd8, 0x00000000c1800000| Untracked 
|  25|0x00000000c1900000, 0x00000000c19a6fd8, 0x00000000c1a00000| 65%| O|  |TAMS 0x00000000c1900000, 0x00000000c1900000| Untracked 
|  26|0x00000000c1a00000, 0x00000000c1a00068, 0x00000000c1b00000|  0%| O|  |TAMS 0x00000000c1a00000, 0x00000000c1a00000| Untracked 
|  27|0x00000000c1b00000, 0x00000000c1b00000, 0x00000000c1c00000|  0%| F|  |TAMS 0x00000000c1b00000, 0x00000000c1b00000| Untracked 
|  28|0x00000000c1c00000, 0x00000000c1c00000, 0x00000000c1d00000|  0%| F|  |TAMS 0x00000000c1c00000, 0x00000000c1c00000| Untracked 
|  29|0x00000000c1d00000, 0x00000000c1d00000, 0x00000000c1e00000|  0%| F|  |TAMS 0x00000000c1d00000, 0x00000000c1d00000| Untracked 
|  30|0x00000000c1e00000, 0x00000000c1e00000, 0x00000000c1f00000|  0%| F|  |TAMS 0x00000000c1e00000, 0x00000000c1e00000| Untracked 
|  31|0x00000000c1f00000, 0x00000000c1f00000, 0x00000000c2000000|  0%| F|  |TAMS 0x00000000c1f00000, 0x00000000c1f00000| Untracked 
|  32|0x00000000c2000000, 0x00000000c2000000, 0x00000000c2100000|  0%| F|  |TAMS 0x00000000c2000000, 0x00000000c2000000| Untracked 
|  33|0x00000000c2100000, 0x00000000c2100000, 0x00000000c2200000|  0%| F|  |TAMS 0x00000000c2100000, 0x00000000c2100000| Untracked 
|  34|0x00000000c2200000, 0x00000000c2200000, 0x00000000c2300000|  0%| F|  |TAMS 0x00000000c2200000, 0x00000000c2200000| Untracked 
|  35|0x00000000c2300000, 0x00000000c2300000, 0x00000000c2400000|  0%| F|  |TAMS 0x00000000c2300000, 0x00000000c2300000| Untracked 
|  36|0x00000000c2400000, 0x00000000c2400000, 0x00000000c2500000|  0%| F|  |TAMS 0x00000000c2400000, 0x00000000c2400000| Untracked 
|  37|0x00000000c2500000, 0x00000000c2500000, 0x00000000c2600000|  0%| F|  |TAMS 0x00000000c2500000, 0x00000000c2500000| Untracked 
|  38|0x00000000c2600000, 0x00000000c2600000, 0x00000000c2700000|  0%| F|  |TAMS 0x00000000c2600000, 0x00000000c2600000| Untracked 
|  39|0x00000000c2700000, 0x00000000c2700000, 0x00000000c2800000|  0%| F|  |TAMS 0x00000000c2700000, 0x00000000c2700000| Untracked 
|  40|0x00000000c2800000, 0x00000000c2800000, 0x00000000c2900000|  0%| F|  |TAMS 0x00000000c2800000, 0x00000000c2800000| Untracked 
|  41|0x00000000c2900000, 0x00000000c2900000, 0x00000000c2a00000|  0%| F|  |TAMS 0x00000000c2900000, 0x00000000c2900000| Untracked 
|  42|0x00000000c2a00000, 0x00000000c2a00000, 0x00000000c2b00000|  0%| F|  |TAMS 0x00000000c2a00000, 0x00000000c2a00000| Untracked 
|  43|0x00000000c2b00000, 0x00000000c2b00000, 0x00000000c2c00000|  0%| F|  |TAMS 0x00000000c2b00000, 0x00000000c2b00000| Untracked 
|  44|0x00000000c2c00000, 0x00000000c2c00000, 0x00000000c2d00000|  0%| F|  |TAMS 0x00000000c2c00000, 0x00000000c2c00000| Untracked 
|  45|0x00000000c2d00000, 0x00000000c2d00000, 0x00000000c2e00000|  0%| F|  |TAMS 0x00000000c2d00000, 0x00000000c2d00000| Untracked 
|  46|0x00000000c2e00000, 0x00000000c2e00000, 0x00000000c2f00000|  0%| F|  |TAMS 0x00000000c2e00000, 0x00000000c2e00000| Untracked 
|  47|0x00000000c2f00000, 0x00000000c2f00000, 0x00000000c3000000|  0%| F|  |TAMS 0x00000000c2f00000, 0x00000000c2f00000| Untracked 
|  48|0x00000000c3000000, 0x00000000c3000000, 0x00000000c3100000|  0%| F|  |TAMS 0x00000000c3000000, 0x00000000c3000000| Untracked 
|  49|0x00000000c3100000, 0x00000000c3100000, 0x00000000c3200000|  0%| F|  |TAMS 0x00000000c3100000, 0x00000000c3100000| Untracked 
|  50|0x00000000c3200000, 0x00000000c3200000, 0x00000000c3300000|  0%| F|  |TAMS 0x00000000c3200000, 0x00000000c3200000| Untracked 
|  51|0x00000000c3300000, 0x00000000c3300000, 0x00000000c3400000|  0%| F|  |TAMS 0x00000000c3300000, 0x00000000c3300000| Untracked 
|  52|0x00000000c3400000, 0x00000000c3400000, 0x00000000c3500000|  0%| F|  |TAMS 0x00000000c3400000, 0x00000000c3400000| Untracked 
|  53|0x00000000c3500000, 0x00000000c3500000, 0x00000000c3600000|  0%| F|  |TAMS 0x00000000c3500000, 0x00000000c3500000| Untracked 
|  54|0x00000000c3600000, 0x00000000c3600000, 0x00000000c3700000|  0%| F|  |TAMS 0x00000000c3600000, 0x00000000c3600000| Untracked 
|  55|0x00000000c3700000, 0x00000000c3700000, 0x00000000c3800000|  0%| F|  |TAMS 0x00000000c3700000, 0x00000000c3700000| Untracked 
|  56|0x00000000c3800000, 0x00000000c3800000, 0x00000000c3900000|  0%| F|  |TAMS 0x00000000c3800000, 0x00000000c3800000| Untracked 
|  57|0x00000000c3900000, 0x00000000c3900000, 0x00000000c3a00000|  0%| F|  |TAMS 0x00000000c3900000, 0x00000000c3900000| Untracked 
|  58|0x00000000c3a00000, 0x00000000c3a00000, 0x00000000c3b00000|  0%| F|  |TAMS 0x00000000c3a00000, 0x00000000c3a00000| Untracked 
|  59|0x00000000c3b00000, 0x00000000c3b00000, 0x00000000c3c00000|  0%| F|  |TAMS 0x00000000c3b00000, 0x00000000c3b00000| Untracked 
|  60|0x00000000c3c00000, 0x00000000c3c00000, 0x00000000c3d00000|  0%| F|  |TAMS 0x00000000c3c00000, 0x00000000c3c00000| Untracked 
|  61|0x00000000c3d00000, 0x00000000c3d00000, 0x00000000c3e00000|  0%| F|  |TAMS 0x00000000c3d00000, 0x00000000c3d00000| Untracked 
|  62|0x00000000c3e00000, 0x00000000c3e00000, 0x00000000c3f00000|  0%| F|  |TAMS 0x00000000c3e00000, 0x00000000c3e00000| Untracked 
|  63|0x00000000c3f00000, 0x00000000c3f00000, 0x00000000c4000000|  0%| F|  |TAMS 0x00000000c3f00000, 0x00000000c3f00000| Untracked 
|  64|0x00000000c4000000, 0x00000000c4000000, 0x00000000c4100000|  0%| F|  |TAMS 0x00000000c4000000, 0x00000000c4000000| Untracked 
|  65|0x00000000c4100000, 0x00000000c4100000, 0x00000000c4200000|  0%| F|  |TAMS 0x00000000c4100000, 0x00000000c4100000| Untracked 
|  66|0x00000000c4200000, 0x00000000c4200000, 0x00000000c4300000|  0%| F|  |TAMS 0x00000000c4200000, 0x00000000c4200000| Untracked 
|  67|0x00000000c4300000, 0x00000000c4300000, 0x00000000c4400000|  0%| F|  |TAMS 0x00000000c4300000, 0x00000000c4300000| Untracked 
|  68|0x00000000c4400000, 0x00000000c4400000, 0x00000000c4500000|  0%| F|  |TAMS 0x00000000c4400000, 0x00000000c4400000| Untracked 
|  69|0x00000000c4500000, 0x00000000c4500000, 0x00000000c4600000|  0%| F|  |TAMS 0x00000000c4500000, 0x00000000c4500000| Untracked 
| 205|0x00000000ccd00000, 0x00000000ccd00000, 0x00000000cce00000|  0%| F|  |TAMS 0x00000000ccd00000, 0x00000000ccd00000| Untracked 
| 206|0x00000000cce00000, 0x00000000cce00000, 0x00000000ccf00000|  0%| F|  |TAMS 0x00000000cce00000, 0x00000000cce00000| Untracked 
| 207|0x00000000ccf00000, 0x00000000ccf00000, 0x00000000cd000000|  0%| F|  |TAMS 0x00000000ccf00000, 0x00000000ccf00000| Untracked 
| 208|0x00000000cd000000, 0x00000000cd000000, 0x00000000cd100000|  0%| F|  |TAMS 0x00000000cd000000, 0x00000000cd000000| Untracked 
| 209|0x00000000cd100000, 0x00000000cd100000, 0x00000000cd200000|  0%| F|  |TAMS 0x00000000cd100000, 0x00000000cd100000| Untracked 
| 244|0x00000000cf400000, 0x00000000cf400000, 0x00000000cf500000|  0%| F|  |TAMS 0x00000000cf400000, 0x00000000cf400000| Untracked 
| 245|0x00000000cf500000, 0x00000000cf51a768, 0x00000000cf600000| 10%| E|  |TAMS 0x00000000cf500000, 0x00000000cf500000| Complete 

Card table byte_map: [0x000002d1ba140000,0x000002d1ba340000] _byte_map_base: 0x000002d1b9b40000

Marking Bits (Prev, Next): (CMBitMap*) 0x000002d1b1cc6960, (CMBitMap*) 0x000002d1b1cc6920
 Prev Bits: [0x000002d1bb540000, 0x000002d1bc540000)
 Next Bits: [0x000002d1ba540000, 0x000002d1bb540000)

Polling page: 0x000002d1b19d0000

Metaspace:

Usage:
  Non-class:     40.76 MB used.
      Class:      6.04 MB used.
       Both:     46.81 MB used.

Virtual space:
  Non-class space:       64.00 MB reserved,      41.19 MB ( 64%) committed,  1 nodes.
      Class space:        1.00 GB reserved,       6.31 MB ( <1%) committed,  1 nodes.
             Both:        1.06 GB reserved,      47.50 MB (  4%) committed. 

Chunk freelists:
   Non-Class:  6.93 MB
       Class:  9.62 MB
        Both:  16.54 MB

MaxMetaspaceSize: unlimited
CompressedClassSpaceSize: 1.00 GB
Initial GC threshold: 21.00 MB
Current GC threshold: 79.06 MB
CDS: off
MetaspaceReclaimPolicy: balanced
 - commit_granule_bytes: 65536.
 - commit_granule_words: 8192.
 - virtual_space_node_default_size: 8388608.
 - enlarge_chunks_in_place: 1.
 - new_chunks_are_fully_committed: 0.
 - uncommit_free_chunks: 1.
 - use_allocation_guard: 0.
 - handle_deallocations: 1.


Internal statistics:

num_allocs_failed_limit: 6.
num_arena_births: 588.
num_arena_deaths: 204.
num_vsnodes_births: 2.
num_vsnodes_deaths: 0.
num_space_committed: 760.
num_space_uncommitted: 0.
num_chunks_returned_to_freelist: 244.
num_chunks_taken_from_freelist: 2020.
num_chunk_merges: 81.
num_chunk_splits: 1398.
num_chunks_enlarged: 1044.
num_inconsistent_stats: 0.

CodeCache: size=49152Kb used=8575Kb max_used=10086Kb free=40576Kb
 bounds [0x000002d1b60f0000, 0x000002d1b6ad0000, 0x000002d1b90f0000]
 total_blobs=5361 nmethods=4743 adapters=544
 compilation: enabled
              stopped_count=0, restarted_count=0
 full_count=0

Compilation events (20 events):
Event: 5660.416 Thread 0x000002d1bf627030 4734       1       java.util.regex.Matcher::match (154 bytes)
Event: 5660.417 Thread 0x000002d1bf627030 nmethod 4734 0x000002d1b626c190 code [0x000002d1b626c340, 0x000002d1b626c558]
Event: 5660.423 Thread 0x000002d1bf627030 4735       1       java.math.BigDecimal::valueOf (46 bytes)
Event: 5660.424 Thread 0x000002d1bf627030 nmethod 4735 0x000002d1b626bb10 code [0x000002d1b626bce0, 0x000002d1b626c048]
Event: 5660.424 Thread 0x000002d1bf627030 4736       1       java.util.regex.Pattern$SliceU::match (99 bytes)
Event: 5660.424 Thread 0x000002d1bf627030 nmethod 4736 0x000002d1b626b490 code [0x000002d1b626b680, 0x000002d1b626b958]
Event: 5660.424 Thread 0x000002d1bf627030 4737       1       java.util.regex.Pattern$CharPredicate$$Lambda$104/0x000000010014fcf0::is (11 bytes)
Event: 5660.425 Thread 0x000002d1bf627030 nmethod 4737 0x000002d1b626b090 code [0x000002d1b626b240, 0x000002d1b626b3a8]
Event: 5660.425 Thread 0x000002d1bf627030 4738       1       java.util.regex.Pattern$CharPredicate::lambda$negate$3 (16 bytes)
Event: 5660.425 Thread 0x000002d1bf627030 nmethod 4738 0x000002d1b626ad90 code [0x000002d1b626af20, 0x000002d1b626b028]
Event: 5688.821 Thread 0x000002d1bf627030 4739   !   1       java.io.PrintStream::write (69 bytes)
Event: 5688.822 Thread 0x000002d1bf627030 nmethod 4739 0x000002d1b626a590 code [0x000002d1b626a780, 0x000002d1b626aaf8]
Event: 5688.824 Thread 0x000002d1bf627030 4740       1       java.io.File::<init> (20 bytes)
Event: 5688.824 Thread 0x000002d1bf627030 nmethod 4740 0x000002d1b626a210 code [0x000002d1b626a3a0, 0x000002d1b626a4d8]
Event: 5688.824 Thread 0x000002d1bf627030 4741       1       java.io.PrintStream::write (9 bytes)
Event: 5688.824 Thread 0x000002d1bf627030 nmethod 4741 0x000002d1b6269e90 code [0x000002d1b626a020, 0x000002d1b626a108]
Event: 5688.824 Thread 0x000002d1bf627030 4742       1       java.util.regex.Pattern$CharPropertyGreedy::match (160 bytes)
Event: 5688.825 Thread 0x000002d1bf627030 nmethod 4742 0x000002d1b6269710 code [0x000002d1b6269900, 0x000002d1b6269c88]
Event: 5688.825 Thread 0x000002d1bf627030 4743       1       java.nio.Buffer::clear (20 bytes)
Event: 5688.825 Thread 0x000002d1bf627030 nmethod 4743 0x000002d1b6269410 code [0x000002d1b62695a0, 0x000002d1b6269678]

GC Heap History (20 events):
Event: 20980.959 GC heap before
{Heap before GC invocations=991 (full 981):
 garbage-first heap   total 78848K, used 26254K [0x00000000c0000000, 0x0000000100000000)
  region size 1024K, 1 young (1024K), 0 survivors (0K)
 Metaspace       used 47929K, committed 48640K, reserved 1114112K
  class space    used 6188K, committed 6464K, reserved 1048576K
}
Event: 20980.989 GC heap after
{Heap after GC invocations=992 (full 982):
 garbage-first heap   total 78848K, used 26254K [0x00000000c0000000, 0x0000000100000000)
  region size 1024K, 0 young (0K), 0 survivors (0K)
 Metaspace       used 47929K, committed 48640K, reserved 1114112K
  class space    used 6188K, committed 6464K, reserved 1048576K
}
Event: 20991.397 GC heap before
{Heap before GC invocations=992 (full 982):
 garbage-first heap   total 78848K, used 26254K [0x00000000c0000000, 0x0000000100000000)
  region size 1024K, 1 young (1024K), 0 survivors (0K)
 Metaspace       used 47929K, committed 48640K, reserved 1114112K
  class space    used 6188K, committed 6464K, reserved 1048576K
}
Event: 20991.436 GC heap after
{Heap after GC invocations=993 (full 983):
 garbage-first heap   total 78848K, used 26254K [0x00000000c0000000, 0x0000000100000000)
  region size 1024K, 0 young (0K), 0 survivors (0K)
 Metaspace       used 47929K, committed 48640K, reserved 1114112K
  class space    used 6188K, committed 6464K, reserved 1048576K
}
Event: 21002.237 GC heap before
{Heap before GC invocations=993 (full 983):
 garbage-first heap   total 78848K, used 26254K [0x00000000c0000000, 0x0000000100000000)
  region size 1024K, 1 young (1024K), 0 survivors (0K)
 Metaspace       used 47929K, committed 48640K, reserved 1114112K
  class space    used 6188K, committed 6464K, reserved 1048576K
}
Event: 21002.279 GC heap after
{Heap after GC invocations=994 (full 984):
 garbage-first heap   total 78848K, used 26254K [0x00000000c0000000, 0x0000000100000000)
  region size 1024K, 0 young (0K), 0 survivors (0K)
 Metaspace       used 47929K, committed 48640K, reserved 1114112K
  class space    used 6188K, committed 6464K, reserved 1048576K
}
Event: 21013.090 GC heap before
{Heap before GC invocations=994 (full 984):
 garbage-first heap   total 78848K, used 26254K [0x00000000c0000000, 0x0000000100000000)
  region size 1024K, 1 young (1024K), 0 survivors (0K)
 Metaspace       used 47929K, committed 48640K, reserved 1114112K
  class space    used 6188K, committed 6464K, reserved 1048576K
}
Event: 21013.128 GC heap after
{Heap after GC invocations=995 (full 985):
 garbage-first heap   total 78848K, used 26254K [0x00000000c0000000, 0x0000000100000000)
  region size 1024K, 0 young (0K), 0 survivors (0K)
 Metaspace       used 47929K, committed 48640K, reserved 1114112K
  class space    used 6188K, committed 6464K, reserved 1048576K
}
Event: 21023.583 GC heap before
{Heap before GC invocations=995 (full 985):
 garbage-first heap   total 78848K, used 26254K [0x00000000c0000000, 0x0000000100000000)
  region size 1024K, 1 young (1024K), 0 survivors (0K)
 Metaspace       used 47929K, committed 48640K, reserved 1114112K
  class space    used 6188K, committed 6464K, reserved 1048576K
}
Event: 21023.615 GC heap after
{Heap after GC invocations=996 (full 986):
 garbage-first heap   total 78848K, used 26254K [0x00000000c0000000, 0x0000000100000000)
  region size 1024K, 0 young (0K), 0 survivors (0K)
 Metaspace       used 47929K, committed 48640K, reserved 1114112K
  class space    used 6188K, committed 6464K, reserved 1048576K
}
Event: 21033.922 GC heap before
{Heap before GC invocations=996 (full 986):
 garbage-first heap   total 78848K, used 26254K [0x00000000c0000000, 0x0000000100000000)
  region size 1024K, 1 young (1024K), 0 survivors (0K)
 Metaspace       used 47929K, committed 48640K, reserved 1114112K
  class space    used 6188K, committed 6464K, reserved 1048576K
}
Event: 21033.954 GC heap after
{Heap after GC invocations=997 (full 987):
 garbage-first heap   total 78848K, used 26254K [0x00000000c0000000, 0x0000000100000000)
  region size 1024K, 0 young (0K), 0 survivors (0K)
 Metaspace       used 47929K, committed 48640K, reserved 1114112K
  class space    used 6188K, committed 6464K, reserved 1048576K
}
Event: 21044.203 GC heap before
{Heap before GC invocations=997 (full 987):
 garbage-first heap   total 78848K, used 26254K [0x00000000c0000000, 0x0000000100000000)
  region size 1024K, 1 young (1024K), 0 survivors (0K)
 Metaspace       used 47929K, committed 48640K, reserved 1114112K
  class space    used 6188K, committed 6464K, reserved 1048576K
}
Event: 21044.224 GC heap after
{Heap after GC invocations=998 (full 988):
 garbage-first heap   total 78848K, used 26254K [0x00000000c0000000, 0x0000000100000000)
  region size 1024K, 0 young (0K), 0 survivors (0K)
 Metaspace       used 47929K, committed 48640K, reserved 1114112K
  class space    used 6188K, committed 6464K, reserved 1048576K
}
Event: 21054.597 GC heap before
{Heap before GC invocations=998 (full 988):
 garbage-first heap   total 78848K, used 26254K [0x00000000c0000000, 0x0000000100000000)
  region size 1024K, 1 young (1024K), 0 survivors (0K)
 Metaspace       used 47929K, committed 48640K, reserved 1114112K
  class space    used 6188K, committed 6464K, reserved 1048576K
}
Event: 21054.619 GC heap after
{Heap after GC invocations=999 (full 989):
 garbage-first heap   total 78848K, used 26254K [0x00000000c0000000, 0x0000000100000000)
  region size 1024K, 0 young (0K), 0 survivors (0K)
 Metaspace       used 47929K, committed 48640K, reserved 1114112K
  class space    used 6188K, committed 6464K, reserved 1048576K
}
Event: 21065.030 GC heap before
{Heap before GC invocations=999 (full 989):
 garbage-first heap   total 78848K, used 26254K [0x00000000c0000000, 0x0000000100000000)
  region size 1024K, 1 young (1024K), 0 survivors (0K)
 Metaspace       used 47929K, committed 48640K, reserved 1114112K
  class space    used 6188K, committed 6464K, reserved 1048576K
}
Event: 21065.053 GC heap after
{Heap after GC invocations=1000 (full 990):
 garbage-first heap   total 78848K, used 26254K [0x00000000c0000000, 0x0000000100000000)
  region size 1024K, 0 young (0K), 0 survivors (0K)
 Metaspace       used 47929K, committed 48640K, reserved 1114112K
  class space    used 6188K, committed 6464K, reserved 1048576K
}
Event: 21075.337 GC heap before
{Heap before GC invocations=1000 (full 990):
 garbage-first heap   total 78848K, used 26254K [0x00000000c0000000, 0x0000000100000000)
  region size 1024K, 1 young (1024K), 0 survivors (0K)
 Metaspace       used 47929K, committed 48640K, reserved 1114112K
  class space    used 6188K, committed 6464K, reserved 1048576K
}
Event: 21075.359 GC heap after
{Heap after GC invocations=1001 (full 991):
 garbage-first heap   total 78848K, used 26254K [0x00000000c0000000, 0x0000000100000000)
  region size 1024K, 0 young (0K), 0 survivors (0K)
 Metaspace       used 47929K, committed 48640K, reserved 1114112K
  class space    used 6188K, committed 6464K, reserved 1048576K
}

Dll operation events (10 events):
Event: 0.025 Loaded shared library c:\Users\22017107\.vscode\extensions\redhat.java-1.30.0-win32-x64\jre\17.0.10-win32-x86_64\bin\java.dll
Event: 0.476 Loaded shared library C:\Users\22017107\.vscode\extensions\redhat.java-1.30.0-win32-x64\jre\17.0.10-win32-x86_64\bin\net.dll
Event: 0.481 Loaded shared library C:\Users\22017107\.vscode\extensions\redhat.java-1.30.0-win32-x64\jre\17.0.10-win32-x86_64\bin\nio.dll
Event: 0.903 Loaded shared library C:\Users\22017107\.vscode\extensions\redhat.java-1.30.0-win32-x64\jre\17.0.10-win32-x86_64\bin\zip.dll
Event: 9.540 Loaded shared library C:\Users\22017107\.vscode\extensions\redhat.java-1.30.0-win32-x64\jre\17.0.10-win32-x86_64\bin\jimage.dll
Event: 11.550 Loaded shared library c:\Users\22017107\.vscode\extensions\redhat.java-1.30.0-win32-x64\jre\17.0.10-win32-x86_64\bin\verify.dll
Event: 16.521 Loaded shared library C:\Users\22017107\.vscode\extensions\redhat.java-1.30.0-win32-x64\jre\17.0.10-win32-x86_64\bin\management.dll
Event: 16.525 Loaded shared library C:\Users\22017107\.vscode\extensions\redhat.java-1.30.0-win32-x64\jre\17.0.10-win32-x86_64\bin\management_ext.dll
Event: 17.536 Loaded shared library C:\Users\22017107\.vscode\extensions\redhat.java-1.30.0-win32-x64\jre\17.0.10-win32-x86_64\bin\sunmscapi.dll
Event: 17.737 Loaded shared library C:\Users\22017107\.vscode\extensions\redhat.java-1.30.0-win32-x64\jre\17.0.10-win32-x86_64\bin\extnet.dll

Deoptimization events (8 events):
Event: 16.873 Thread 0x000002d1c47e88f0 DEOPT PACKING pc=0x000002d1b67dd181 sp=0x000000fe093fdc00
Event: 16.873 Thread 0x000002d1c47e88f0 DEOPT UNPACKING pc=0x000002d1b6147143 sp=0x000000fe093fd090 mode 3
Event: 16.898 Thread 0x000002d1c4868040 DEOPT PACKING pc=0x000002d1b67be517 sp=0x000000fe099ff310
Event: 16.898 Thread 0x000002d1c4868040 DEOPT UNPACKING pc=0x000002d1b6147143 sp=0x000000fe099fe768 mode 3
Event: 17.619 Thread 0x000002d1c4869480 DEOPT PACKING pc=0x000002d1b6389a8c sp=0x000000fe09bfb050
Event: 17.619 Thread 0x000002d1c4869480 DEOPT UNPACKING pc=0x000002d1b6147143 sp=0x000000fe09bfa518 mode 0
Event: 1042.790 Thread 0x000002d1c47e88f0 DEOPT PACKING pc=0x000002d1b68af754 sp=0x000000fe093ff100
Event: 1042.790 Thread 0x000002d1c47e88f0 DEOPT UNPACKING pc=0x000002d1b6147143 sp=0x000000fe093fe5a8 mode 0

Classes unloaded (20 events):
Event: 77.047 Thread 0x000002d1bf5c42f0 Unloading class 0x0000000100251000 'java/lang/invoke/LambdaForm$DMH+0x0000000100251000'
Event: 77.047 Thread 0x000002d1bf5c42f0 Unloading class 0x0000000100096000 'java/lang/invoke/LambdaForm$MH+0x0000000100096000'
Event: 77.047 Thread 0x000002d1bf5c42f0 Unloading class 0x0000000100095c00 'java/lang/invoke/LambdaForm$MH+0x0000000100095c00'
Event: 77.047 Thread 0x000002d1bf5c42f0 Unloading class 0x0000000100095800 'java/lang/invoke/LambdaForm$MH+0x0000000100095800'
Event: 77.047 Thread 0x000002d1bf5c42f0 Unloading class 0x0000000100095400 'java/lang/invoke/LambdaForm$MH+0x0000000100095400'
Event: 77.047 Thread 0x000002d1bf5c42f0 Unloading class 0x0000000100095000 'java/lang/invoke/LambdaForm$MH+0x0000000100095000'
Event: 77.047 Thread 0x000002d1bf5c42f0 Unloading class 0x0000000100094c00 'java/lang/invoke/LambdaForm$MH+0x0000000100094c00'
Event: 77.047 Thread 0x000002d1bf5c42f0 Unloading class 0x0000000100094800 'java/lang/invoke/LambdaForm$MH+0x0000000100094800'
Event: 77.047 Thread 0x000002d1bf5c42f0 Unloading class 0x0000000100094400 'java/lang/invoke/LambdaForm$MH+0x0000000100094400'
Event: 77.047 Thread 0x000002d1bf5c42f0 Unloading class 0x000000010008e800 'java/lang/invoke/LambdaForm$MH+0x000000010008e800'
Event: 77.047 Thread 0x000002d1bf5c42f0 Unloading class 0x000000010008e400 'java/lang/invoke/LambdaForm$MH+0x000000010008e400'
Event: 77.047 Thread 0x000002d1bf5c42f0 Unloading class 0x000000010008e000 'java/lang/invoke/LambdaForm$MH+0x000000010008e000'
Event: 77.047 Thread 0x000002d1bf5c42f0 Unloading class 0x000000010008dc00 'java/lang/invoke/LambdaForm$MH+0x000000010008dc00'
Event: 77.047 Thread 0x000002d1bf5c42f0 Unloading class 0x000000010008d800 'java/lang/invoke/LambdaForm$MH+0x000000010008d800'
Event: 77.047 Thread 0x000002d1bf5c42f0 Unloading class 0x000000010008d400 'java/lang/invoke/LambdaForm$MH+0x000000010008d400'
Event: 77.047 Thread 0x000002d1bf5c42f0 Unloading class 0x000000010008cc00 'java/lang/invoke/LambdaForm$MH+0x000000010008cc00'
Event: 77.047 Thread 0x000002d1bf5c42f0 Unloading class 0x000000010008c800 'java/lang/invoke/LambdaForm$MH+0x000000010008c800'
Event: 77.047 Thread 0x000002d1bf5c42f0 Unloading class 0x000000010008c000 'java/lang/invoke/LambdaForm$MH+0x000000010008c000'
Event: 77.047 Thread 0x000002d1bf5c42f0 Unloading class 0x000000010008bc00 'java/lang/invoke/LambdaForm$MH+0x000000010008bc00'
Event: 77.047 Thread 0x000002d1bf5c42f0 Unloading class 0x0000000100088400 'java/lang/invoke/LambdaForm$MH+0x0000000100088400'

Classes redefined (0 events):
No events

Internal exceptions (20 events):
Event: 17.101 Thread 0x000002d1c4868040 Exception <a 'sun/nio/fs/WindowsException'{0x00000000c31eb940}> (0x00000000c31eb940) 
thrown [s\src\hotspot\share\prims\jni.cpp, line 516]
Event: 17.101 Thread 0x000002d1c4868040 Exception <a 'sun/nio/fs/WindowsException'{0x00000000c31ec370}> (0x00000000c31ec370) 
thrown [s\src\hotspot\share\prims\jni.cpp, line 516]
Event: 17.101 Thread 0x000002d1c4868040 Exception <a 'sun/nio/fs/WindowsException'{0x00000000c31ece70}> (0x00000000c31ece70) 
thrown [s\src\hotspot\share\prims\jni.cpp, line 516]
Event: 17.102 Thread 0x000002d1c4868040 Exception <a 'sun/nio/fs/WindowsException'{0x00000000c31ed9d8}> (0x00000000c31ed9d8) 
thrown [s\src\hotspot\share\prims\jni.cpp, line 516]
Event: 17.102 Thread 0x000002d1c4868040 Exception <a 'sun/nio/fs/WindowsException'{0x00000000c31f4b58}> (0x00000000c31f4b58) 
thrown [s\src\hotspot\share\prims\jni.cpp, line 516]
Event: 17.102 Thread 0x000002d1c4868040 Exception <a 'sun/nio/fs/WindowsException'{0x00000000c31f5588}> (0x00000000c31f5588) 
thrown [s\src\hotspot\share\prims\jni.cpp, line 516]
Event: 17.102 Thread 0x000002d1c4868040 Exception <a 'sun/nio/fs/WindowsException'{0x00000000c31f5f68}> (0x00000000c31f5f68) 
thrown [s\src\hotspot\share\prims\jni.cpp, line 516]
Event: 17.102 Thread 0x000002d1c4868040 Exception <a 'sun/nio/fs/WindowsException'{0x00000000c31f6998}> (0x00000000c31f6998) 
thrown [s\src\hotspot\share\prims\jni.cpp, line 516]
Event: 17.102 Thread 0x000002d1c4868040 Exception <a 'sun/nio/fs/WindowsException'{0x00000000c31f7498}> (0x00000000c31f7498) 
thrown [s\src\hotspot\share\prims\jni.cpp, line 516]
Event: 17.102 Thread 0x000002d1c4868040 Exception <a 'sun/nio/fs/WindowsException'{0x00000000c31f8000}> (0x00000000c31f8000) 
thrown [s\src\hotspot\share\prims\jni.cpp, line 516]
Event: 17.115 Thread 0x000002d1c4868040 Exception <a 'sun/nio/fs/WindowsException'{0x00000000c301d758}> (0x00000000c301d758) 
thrown [s\src\hotspot\share\prims\jni.cpp, line 516]
Event: 17.420 Thread 0x000002d1c4869480 Exception <a 'java/lang/NoSuchMethodError'{0x00000000c2f19e48}: 'void java.lang.invoke.DirectMethodHandle$Holder.invokeVirtual(java.lang.Object, java.lang.Object, java.lang.Object, java.lang.Object)'> (0x00000000c2f19e48) 
thrown [s\src\hotspot\share\interpreter\linkResolver.cpp, line 759]
Event: 17.487 Thread 0x000002d1c4869480 Exception <a 'java/lang/NoSuchMethodError'{0x00000000cd0f4908}: 'java.lang.Object java.lang.invoke.DirectMethodHandle$Holder.invokeStatic(java.lang.Object, java.lang.Object, int, java.lang.Object)'> (0x00000000cd0f4908) 
thrown [s\src\hotspot\share\interpreter\linkResolver.cpp, line 759]
Event: 17.487 Thread 0x000002d1c4869480 Exception <a 'java/lang/NoSuchMethodError'{0x00000000cd0face8}: 'java.lang.Object java.lang.invoke.DirectMethodHandle$Holder.newInvokeSpecial(java.lang.Object, java.lang.Object, int)'> (0x00000000cd0face8) 
thrown [s\src\hotspot\share\interpreter\linkResolver.cpp, line 759]
Event: 17.596 Thread 0x000002d1c4869480 Exception <a 'sun/nio/fs/WindowsException'{0x00000000c403f8d8}> (0x00000000c403f8d8) 
thrown [s\src\hotspot\share\prims\jni.cpp, line 516]
Event: 56.553 Thread 0x000002d1c4666070 Exception <a 'java/lang/NoSuchMethodError'{0x00000000cce7c498}: 'void java.lang.invoke.DirectMethodHandle$Holder.invokeStatic(java.lang.Object, long)'> (0x00000000cce7c498) 
thrown [s\src\hotspot\share\interpreter\linkResolver.cpp, line 759]
Event: 56.553 Thread 0x000002d1c4666070 Exception <a 'java/lang/NoSuchMethodError'{0x00000000cce81840}: 'java.lang.Object java.lang.invoke.DirectMethodHandle$Holder.newInvokeSpecial(java.lang.Object, long)'> (0x00000000cce81840) 
thrown [s\src\hotspot\share\interpreter\linkResolver.cpp, line 759]
Event: 319.151 Thread 0x000002d1c486add0 Exception <a 'java/io/IOException'{0x00000000cf5746a0}> (0x00000000cf5746a0) 
thrown [s\src\hotspot\share\prims\jni.cpp, line 516]
Event: 319.345 Thread 0x000002d1c486b7f0 Exception <a 'java/io/IOException'{0x00000000cf57f3c0}> (0x00000000cf57f3c0) 
thrown [s\src\hotspot\share\prims\jni.cpp, line 516]
Event: 320.291 Thread 0x000002d1c5ce4480 Exception <a 'java/io/IOException'{0x00000000cf58fbc0}> (0x00000000cf58fbc0) 
thrown [s\src\hotspot\share\prims\jni.cpp, line 516]

VM Operations (20 events):
Event: 20980.989 Executing VM operation: G1CollectFull done
Event: 20991.397 Executing VM operation: G1CollectFull
Event: 20991.436 Executing VM operation: G1CollectFull done
Event: 21002.166 Executing VM operation: G1CollectFull
Event: 21002.279 Executing VM operation: G1CollectFull done
Event: 21013.027 Executing VM operation: G1CollectFull
Event: 21013.129 Executing VM operation: G1CollectFull done
Event: 21023.583 Executing VM operation: G1CollectFull
Event: 21023.615 Executing VM operation: G1CollectFull done
Event: 21033.922 Executing VM operation: G1CollectFull
Event: 21033.954 Executing VM operation: G1CollectFull done
Event: 21044.203 Executing VM operation: G1CollectFull
Event: 21044.224 Executing VM operation: G1CollectFull done
Event: 21054.597 Executing VM operation: G1CollectFull
Event: 21054.619 Executing VM operation: G1CollectFull done
Event: 21065.029 Executing VM operation: G1CollectFull
Event: 21065.053 Executing VM operation: G1CollectFull done
Event: 21075.337 Executing VM operation: G1CollectFull
Event: 21075.359 Executing VM operation: G1CollectFull done
Event: 21085.832 Executing VM operation: G1CollectFull

Events (20 events):
Event: 319.147 loading class sun/nio/ch/ExtendedSocketOption done
Event: 319.147 loading class sun/nio/ch/ExtendedSocketOption$1
Event: 319.148 loading class sun/nio/ch/ExtendedSocketOption$1 done
Event: 319.148 loading class sun/security/ssl/Alert
Event: 319.148 loading class sun/security/ssl/Alert done
Event: 319.149 loading class sun/security/ssl/Alert$AlertConsumer
Event: 319.149 loading class sun/security/ssl/Alert$AlertConsumer done
Event: 319.149 loading class sun/security/ssl/Alert$Level
Event: 319.149 loading class sun/security/ssl/Alert$Level done
Event: 319.151 loading class sun/net/ConnectionResetException
Event: 319.152 loading class sun/net/ConnectionResetException done
Event: 379.158 Thread 0x000002d1c5ce62e0 Thread exited: 0x000002d1c5ce62e0
Event: 379.347 Thread 0x000002d1c5ce8b60 Thread exited: 0x000002d1c5ce8b60
Event: 379.347 Thread 0x000002d1c486b7f0 Thread exited: 0x000002d1c486b7f0
Event: 380.292 Thread 0x000002d1c486add0 Thread exited: 0x000002d1c486add0
Event: 380.292 Thread 0x000002d1c5ce4480 Thread exited: 0x000002d1c5ce4480
Event: 1042.791 Thread 0x000002d1c486a8c0 Thread added: 0x000002d1c486a8c0
Event: 1102.811 Thread 0x000002d1c486a8c0 Thread exited: 0x000002d1c486a8c0
Event: 5120.112 Thread 0x000002d1c486b7f0 Thread added: 0x000002d1c486b7f0
Event: 5180.131 Thread 0x000002d1c486b7f0 Thread exited: 0x000002d1c486b7f0


Dynamic libraries:
0x00007ff765f10000 - 0x00007ff765f1e000 	c:\Users\22017107\.vscode\extensions\redhat.java-1.30.0-win32-x64\jre\17.0.10-win32-x86_64\bin\java.exe
0x00007fffa3150000 - 0x00007fffa3367000 	C:\WINDOWS\SYSTEM32\ntdll.dll
0x00007fffa1f70000 - 0x00007fffa2034000 	C:\WINDOWS\System32\KERNEL32.DLL
0x00007fffa06b0000 - 0x00007fffa0a57000 	C:\WINDOWS\System32\KERNELBASE.dll
0x00007fffa0590000 - 0x00007fffa06a1000 	C:\WINDOWS\System32\ucrtbase.dll
0x00007fff98bd0000 - 0x00007fff98be7000 	c:\Users\22017107\.vscode\extensions\redhat.java-1.30.0-win32-x64\jre\17.0.10-win32-x86_64\bin\jli.dll
0x00007fff86920000 - 0x00007fff8693b000 	c:\Users\22017107\.vscode\extensions\redhat.java-1.30.0-win32-x64\jre\17.0.10-win32-x86_64\bin\VCRUNTIME140.dll
0x00007fffa1390000 - 0x00007fffa153e000 	C:\WINDOWS\System32\USER32.dll
0x00007fffa04e0000 - 0x00007fffa0506000 	C:\WINDOWS\System32\win32u.dll
0x00007fff87310000 - 0x00007fff875a3000 	C:\WINDOWS\WinSxS\amd64_microsoft.windows.common-controls_6595b64144ccf1df_6.0.22621.3527_none_270e469b73872a76\COMCTL32.dll
0x00007fffa20c0000 - 0x00007fffa20e9000 	C:\WINDOWS\System32\GDI32.dll
0x00007fffa1d60000 - 0x00007fffa1e07000 	C:\WINDOWS\System32\msvcrt.dll
0x00007fffa0ca0000 - 0x00007fffa0db9000 	C:\WINDOWS\System32\gdi32full.dll
0x00007fffa0c00000 - 0x00007fffa0c9a000 	C:\WINDOWS\System32\msvcp_win.dll
0x00007fffa1b70000 - 0x00007fffa1ba1000 	C:\WINDOWS\System32\IMM32.DLL
0x00007fff9b800000 - 0x00007fff9b80c000 	c:\Users\22017107\.vscode\extensions\redhat.java-1.30.0-win32-x64\jre\17.0.10-win32-x86_64\bin\vcruntime140_1.dll
0x00007fff782d0000 - 0x00007fff7835d000 	c:\Users\22017107\.vscode\extensions\redhat.java-1.30.0-win32-x64\jre\17.0.10-win32-x86_64\bin\msvcp140.dll
0x00007fff417e0000 - 0x00007fff42442000 	c:\Users\22017107\.vscode\extensions\redhat.java-1.30.0-win32-x64\jre\17.0.10-win32-x86_64\bin\server\jvm.dll
0x00007fffa2fc0000 - 0x00007fffa3072000 	C:\WINDOWS\System32\ADVAPI32.dll
0x00007fffa0f40000 - 0x00007fffa0fe8000 	C:\WINDOWS\System32\sechost.dll
0x00007fffa0a60000 - 0x00007fffa0a88000 	C:\WINDOWS\System32\bcrypt.dll
0x00007fffa2b00000 - 0x00007fffa2c15000 	C:\WINDOWS\System32\RPCRT4.dll
0x00007fffa0050000 - 0x00007fffa009d000 	C:\WINDOWS\SYSTEM32\POWRPROF.dll
0x00007fff4bad0000 - 0x00007fff4bad9000 	C:\WINDOWS\SYSTEM32\WSOCK32.dll
0x00007fff96ec0000 - 0x00007fff96ef4000 	C:\WINDOWS\SYSTEM32\WINMM.dll
0x00007fff963d0000 - 0x00007fff963da000 	C:\WINDOWS\SYSTEM32\VERSION.dll
0x00007fffa21c0000 - 0x00007fffa2231000 	C:\WINDOWS\System32\WS2_32.dll
0x00007fffa0030000 - 0x00007fffa0043000 	C:\WINDOWS\SYSTEM32\UMPDC.dll
0x00007fff9f360000 - 0x00007fff9f378000 	C:\WINDOWS\SYSTEM32\kernel.appcore.dll
0x00007fff98bc0000 - 0x00007fff98bca000 	c:\Users\22017107\.vscode\extensions\redhat.java-1.30.0-win32-x64\jre\17.0.10-win32-x86_64\bin\jimage.dll
0x00007fff9daa0000 - 0x00007fff9dcd2000 	C:\WINDOWS\SYSTEM32\DBGHELP.DLL
0x00007fffa1000000 - 0x00007fffa1388000 	C:\WINDOWS\System32\combase.dll
0x00007fffa2ee0000 - 0x00007fffa2fb7000 	C:\WINDOWS\System32\OLEAUT32.dll
0x00007fff83e30000 - 0x00007fff83e62000 	C:\WINDOWS\SYSTEM32\dbgcore.DLL
0x00007fffa0510000 - 0x00007fffa0589000 	C:\WINDOWS\System32\bcryptPrimitives.dll
0x00007fff7e500000 - 0x00007fff7e525000 	c:\Users\22017107\.vscode\extensions\redhat.java-1.30.0-win32-x64\jre\17.0.10-win32-x86_64\bin\java.dll
0x00007fff7e4e0000 - 0x00007fff7e4f8000 	c:\Users\22017107\.vscode\extensions\redhat.java-1.30.0-win32-x64\jre\17.0.10-win32-x86_64\bin\zip.dll
0x00007fffa22a0000 - 0x00007fffa2afc000 	C:\WINDOWS\System32\SHELL32.dll
0x00007fff9e090000 - 0x00007fff9e986000 	C:\WINDOWS\SYSTEM32\windows.storage.dll
0x00007fff9df50000 - 0x00007fff9e08e000 	C:\WINDOWS\SYSTEM32\wintypes.dll
0x00007fffa2de0000 - 0x00007fffa2ed5000 	C:\WINDOWS\System32\SHCORE.dll
0x00007fffa2240000 - 0x00007fffa229e000 	C:\WINDOWS\System32\shlwapi.dll
0x00007fffa03a0000 - 0x00007fffa03c1000 	C:\WINDOWS\SYSTEM32\profapi.dll
0x00007fff7d920000 - 0x00007fff7d939000 	C:\Users\22017107\.vscode\extensions\redhat.java-1.30.0-win32-x64\jre\17.0.10-win32-x86_64\bin\net.dll
0x00007fff9f380000 - 0x00007fff9f4b6000 	C:\WINDOWS\SYSTEM32\WINHTTP.dll
0x00007fff9f900000 - 0x00007fff9f969000 	C:\WINDOWS\system32\mswsock.dll
0x00007fff782b0000 - 0x00007fff782c6000 	C:\Users\22017107\.vscode\extensions\redhat.java-1.30.0-win32-x64\jre\17.0.10-win32-x86_64\bin\nio.dll
0x00007fff86900000 - 0x00007fff86910000 	c:\Users\22017107\.vscode\extensions\redhat.java-1.30.0-win32-x64\jre\17.0.10-win32-x86_64\bin\verify.dll
0x00007fff9fba0000 - 0x00007fff9fbbb000 	C:\WINDOWS\SYSTEM32\CRYPTSP.dll
0x00007fff9f2c0000 - 0x00007fff9f2f5000 	C:\WINDOWS\system32\rsaenh.dll
0x00007fff9f9a0000 - 0x00007fff9f9c8000 	C:\WINDOWS\SYSTEM32\USERENV.dll
0x00007fff9fb80000 - 0x00007fff9fb8c000 	C:\WINDOWS\SYSTEM32\CRYPTBASE.dll
0x00007fff9ebe0000 - 0x00007fff9ec0d000 	C:\WINDOWS\SYSTEM32\IPHLPAPI.DLL
0x00007fffa1a60000 - 0x00007fffa1a69000 	C:\WINDOWS\System32\NSI.dll
0x00007fff98380000 - 0x00007fff98399000 	C:\WINDOWS\SYSTEM32\dhcpcsvc6.DLL
0x00007fff98360000 - 0x00007fff9837f000 	C:\WINDOWS\SYSTEM32\dhcpcsvc.DLL
0x00007fff9ec10000 - 0x00007fff9ed08000 	C:\WINDOWS\SYSTEM32\DNSAPI.dll
0x00007fff9b7d0000 - 0x00007fff9b7d9000 	C:\Users\22017107\.vscode\extensions\redhat.java-1.30.0-win32-x64\jre\17.0.10-win32-x86_64\bin\management.dll
0x00007fff9b7c0000 - 0x00007fff9b7cb000 	C:\Users\22017107\.vscode\extensions\redhat.java-1.30.0-win32-x64\jre\17.0.10-win32-x86_64\bin\management_ext.dll
0x00007fffa0f30000 - 0x00007fffa0f38000 	C:\WINDOWS\System32\PSAPI.DLL
0x00007fff8c4b0000 - 0x00007fff8c4be000 	C:\Users\22017107\.vscode\extensions\redhat.java-1.30.0-win32-x64\jre\17.0.10-win32-x86_64\bin\sunmscapi.dll
0x00007fffa0a90000 - 0x00007fffa0bf8000 	C:\WINDOWS\System32\CRYPT32.dll
0x00007fff9fd10000 - 0x00007fff9fd3e000 	C:\WINDOWS\SYSTEM32\ncrypt.dll
0x00007fff9fcd0000 - 0x00007fff9fd07000 	C:\WINDOWS\SYSTEM32\NTASN1.dll
0x00007fff962c0000 - 0x00007fff962ca000 	C:\Windows\System32\rasadhlp.dll
0x00007fff96ba0000 - 0x00007fff96c23000 	C:\WINDOWS\System32\fwpuclnt.dll
0x00007fff87f70000 - 0x00007fff87f79000 	C:\Users\22017107\.vscode\extensions\redhat.java-1.30.0-win32-x64\jre\17.0.10-win32-x86_64\bin\extnet.dll

dbghelp: loaded successfully - version: 4.0.5 - missing functions: none
symbol engine: initialized successfully - sym options: 0x614 - pdb path: .;c:\Users\22017107\.vscode\extensions\redhat.java-1.30.0-win32-x64\jre\17.0.10-win32-x86_64\bin;C:\WINDOWS\SYSTEM32;C:\WINDOWS\WinSxS\amd64_microsoft.windows.common-controls_6595b64144ccf1df_6.0.22621.3527_none_270e469b73872a76;c:\Users\22017107\.vscode\extensions\redhat.java-1.30.0-win32-x64\jre\17.0.10-win32-x86_64\bin\server

VM Arguments:
jvm_args: -Xmx1024m -Dsts.lsp.client=vscode -Dsts.log.file=/dev/null -XX:TieredStopAtLevel=1 -Xlog:jni+resolve=off -Dspring.config.location=file:c:\Users\22017107\.vscode\extensions\vmware.vscode-spring-boot-1.54.0\language-server\BOOT-INF\classes\application.properties 
java_command: org.springframework.ide.vscode.boot.app.BootLanguageServerBootApp
java_class_path (initial): c:\Users\22017107\.vscode\extensions\vmware.vscode-spring-boot-1.54.0\language-server\BOOT-INF\classes;c:\Users\22017107\.vscode\extensions\vmware.vscode-spring-boot-1.54.0\language-server\BOOT-INF\lib\annotations-24.1.0.jar;c:\Users\22017107\.vscode\extensions\vmware.vscode-spring-boot-1.54.0\language-server\BOOT-INF\lib\antlr4-runtime-4.13.1.jar;c:\Users\22017107\.vscode\extensions\vmware.vscode-spring-boot-1.54.0\language-server\BOOT-INF\lib\asm-9.7.jar;c:\Users\22017107\.vscode\extensions\vmware.vscode-spring-boot-1.54.0\language-server\BOOT-INF\lib\asm-analysis-9.7.jar;c:\Users\22017107\.vscode\extensions\vmware.vscode-spring-boot-1.54.0\language-server\BOOT-INF\lib\asm-tree-9.7.jar;c:\Users\22017107\.vscode\extensions\vmware.vscode-spring-boot-1.54.0\language-server\BOOT-INF\lib\asm-util-9.7.jar;c:\Users\22017107\.vscode\extensions\vmware.vscode-spring-boot-1.54.0\language-server\BOOT-INF\lib\caffeine-3.1.8.jar;c:\Users\22017107\.vscode\extensions\vmware.vscode-spring-boot-1.54.0\language-server\BOOT-INF\lib\checker-qual-3.12.0.jar;c:\Users\22017107\.vscode\extensions\vmware.vscode-spring-boot-1.54.0\language-server\BOOT-INF\lib\classgraph-4.8.149.jar;c:\Users\22017107\.vscode\extensions\vmware.vscode-spring-boot-1.54.0\language-server\BOOT-INF\lib\commons-codec-1.16.1.jar;c:\Users\22017107\.vscode\extensions\vmware.vscode-spring-boot-1.54.0\language-server\BOOT-INF\lib\commons-compress-1.26.1.jar;c:\Users\22017107\.vscode\extensions\vmware.vscode-spring-boot-1.54.0\language-server\BOOT-INF\lib\commons-io-2.4.jar;c:\Users\22017107\.vscode\extensions\vmware.vscode-spring-boot-1.54.0\language-server\BOOT-INF\lib\commons-java-1.54.0-SNAPSHOT.jar;c:\Users\22017107\.vscode\extensions\vmware.vscode-spring-boot-1.54.0\language-server\BOOT-INF\lib\commons-lang3-3.13.0.jar;c:\Users\22017107\.vscode\extensions\vmware.vscode-spring-boot-1.54.0\language-server\BOOT-INF\lib\commons-language-server-1.54.0-SNAPSHOT.jar;c:\Users\22017107\.vscode\e
Launcher Type: SUN_STANDARD

[Global flags]
     intx CICompilerCount                          = 12                                        {product} {ergonomic}
     uint ConcGCThreads                            = 3                                         {product} {ergonomic}
     uint G1ConcRefinementThreads                  = 13                                        {product} {ergonomic}
   size_t G1HeapRegionSize                         = 1048576                                   {product} {ergonomic}
    uintx GCDrainStackTargetSize                   = 64                                        {product} {ergonomic}
   size_t InitialHeapSize                          = 257949696                                 {product} {ergonomic}
   size_t MarkStackSize                            = 4194304                                   {product} {ergonomic}
   size_t MaxHeapSize                              = 1073741824                                {product} {command line}
   size_t MaxNewSize                               = 643825664                                 {product} {ergonomic}
   size_t MinHeapDeltaBytes                        = 1048576                                   {product} {ergonomic}
   size_t MinHeapSize                              = 8388608                                   {product} {ergonomic}
    uintx NonProfiledCodeHeapSize                  = 0                                      {pd product} {ergonomic}
     bool ProfileInterpreter                       = false                                  {pd product} {command line}
    uintx ProfiledCodeHeapSize                     = 0                                      {pd product} {ergonomic}
   size_t SoftMaxHeapSize                          = 1073741824                             {manageable} {ergonomic}
     intx TieredStopAtLevel                        = 1                                         {product} {command line}
     bool UseCompressedClassPointers               = true                           {product lp64_product} {ergonomic}
     bool UseCompressedOops                        = true                           {product lp64_product} {ergonomic}
     bool UseG1GC                                  = true                                      {product} {ergonomic}
     bool UseLargePagesIndividualAllocation        = false                                  {pd product} {ergonomic}

Logging:
Log output configuration:
 #0: stdout all=warning,jni+resolve=off uptime,level,tags
 #1: stderr all=off uptime,level,tags

Environment Variables:
JAVA_HOME=C:\Users\22017107\AppData\Local\Programs\Eclipse Adoptium\jdk-17.0.4.101-hotspot\
PATH=C:\Python312\Scripts\;C:\Python312\;C:\Program Files (x86)\VMware\VMware Workstation\bin\;C:\WINDOWS\system32;C:\WINDOWS;C:\WINDOWS\System32\Wbem;C:\WINDOWS\System32\WindowsPowerShell\v1.0\;C:\WINDOWS\System32\OpenSSH\;C:\Program Files (x86)\GNU\GnuPG\pub;C:\Program Files\nodejs\;C:\ProgramData\chocolatey\bin;C:\Program Files\Git\cmd;C:\Program Files\dotnet\;C:\Users\22017107\AppData\Local\Programs\Eclipse Adoptium\jdk-17.0.4.101-hotspot\bin;C:\Python38\Scripts\;C:\Python38\;C:\Users\22017107\AppData\Local\Programs\Python\Launcher\;C:\Users\22017107\AppData\Local\Microsoft\WindowsApps;C:\Users\22017107\AppData\Roaming\npm;C:\Users\22017107\.dotnet\tools
USERNAME=22017107
OS=Windows_NT
PROCESSOR_IDENTIFIER=AMD64 Family 25 Model 80 Stepping 0, AuthenticAMD
TMP=C:\Users\22017107\AppData\Local\Temp
TEMP=C:\Users\22017107\AppData\Local\Temp



Periodic native trim disabled


---------------  S Y S T E M  ---------------

OS:
 Windows 11 , 64 bit Build 22621 (10.0.22621.3527)
OS uptime: 0 days 8:10 hours
Hyper-V role detected

CPU: total 16 (initial active 16) (16 cores per cpu, 2 threads per core) family 25 model 80 stepping 0 microcode 0x0, cx8, cmov, fxsr, ht, mmx, 3dnowpref, sse, sse2, sse3, ssse3, sse4a, sse4.1, sse4.2, popcnt, lzcnt, tsc, tscinvbit, avx, avx2, aes, erms, clmul, bmi1, bmi2, adx, sha, fma, vzeroupper, clflush, clflushopt, hv
Processor Information for all 16 processors :
  Max Mhz: 1901, Current Mhz: 1901, Mhz Limit: 1901

Memory: 4k page, system-wide physical 15715M (1636M free)
TotalPageFile size 64867M (AvailPageFile size 5M)
current process WorkingSet (physical memory assigned to process): 47M, peak: 189M
current process commit charge ("private bytes"): 239M, peak: 369M

vm_info: OpenJDK 64-Bit Server VM (17.0.10+7) for windows-amd64 JRE (17.0.10+7), built on Jan 16 2024 23:25:11 by "admin" with MS VC++ 16.10 / 16.11 (VS2019)

END.
